# JRE version: OpenJDK Runtime Environment (8.0_162-b12) (build 1.8.0_162-8u162-b12-1~deb9u1-b12)
# Java VM: OpenJDK 64-Bit Server VM (25.162-b12 mixed mode linux-amd64 compressed oops)
Heap:
 PSYoungGen      total 6656K, used 3071K [0x00000000eb900000, 0x00000000ec000000, 0x0000000100000000)
  eden space 6144K, 42% used [0x00000000eb900000,0x00000000ebb87d80,0x00000000ebf00000)
  from space 512K, 93% used [0x00000000ebf80000,0x00000000ebff8020,0x00000000ec000000)
  to   space 512K, 0% used [0x00000000ebf00000,0x00000000ebf00000,0x00000000ebf80000)
 ParOldGen       total 5632K, used 700K [0x00000000c2a00000, 0x00000000c2f80000, 0x00000000eb900000)
  object space 5632K, 12% used [0x00000000c2a00000,0x00000000c2aaf060,0x00000000c2f80000)
 Metaspace       used 6372K, capacity 7532K, committed 7808K, reserved 1056768K
  class space    used 761K, capacity 808K, committed 896K, reserved 1048576K
GC Heap History (8 events):
Event: 0.646 GC heap before
{Heap before GC invocations=1 (full 0):
 PSYoungGen      total 2048K, used 1536K [0x00000000eb900000, 0x00000000ebb80000, 0x0000000100000000)
  eden space 1536K, 100% used [0x00000000eb900000,0x00000000eba80000,0x00000000eba80000)
  from space 512K, 0% used [0x00000000ebb00000,0x00000000ebb00000,0x00000000ebb80000)
  to   space 512K, 0% used [0x00000000eba80000,0x00000000eba80000,0x00000000ebb00000)
 ParOldGen       total 5632K, used 0K [0x00000000c2a00000, 0x00000000c2f80000, 0x00000000eb900000)
  object space 5632K, 0% used [0x00000000c2a00000,0x00000000c2a00000,0x00000000c2f80000)
 Metaspace       used 3194K, capacity 4812K, committed 5120K, reserved 1056768K
  class space    used 356K, capacity 456K, committed 512K, reserved 1048576K
Event: 0.673 GC heap after
Heap after GC invocations=1 (full 0):
 PSYoungGen      total 2048K, used 512K [0x00000000eb900000, 0x00000000ebd00000, 0x0000000100000000)
  eden space 1536K, 0% used [0x00000000eb900000,0x00000000eb900000,0x00000000eba80000)
  from space 512K, 100% used [0x00000000eba80000,0x00000000ebb00000,0x00000000ebb00000)
  to   space 512K, 0% used [0x00000000ebc80000,0x00000000ebc80000,0x00000000ebd00000)
 ParOldGen       total 5632K, used 40K [0x00000000c2a00000, 0x00000000c2f80000, 0x00000000eb900000)
  object space 5632K, 0% used [0x00000000c2a00000,0x00000000c2a0a010,0x00000000c2f80000)
 Metaspace       used 3194K, capacity 4812K, committed 5120K, reserved 1056768K
  class space    used 356K, capacity 456K, committed 512K, reserved 1048576K
}
Event: 0.906 GC heap before
{Heap before GC invocations=2 (full 0):
 PSYoungGen      total 2048K, used 2048K [0x00000000eb900000, 0x00000000ebd00000, 0x0000000100000000)
  eden space 1536K, 100% used [0x00000000eb900000,0x00000000eba80000,0x00000000eba80000)
  from space 512K, 100% used [0x00000000eba80000,0x00000000ebb00000,0x00000000ebb00000)
  to   space 512K, 0% used [0x00000000ebc80000,0x00000000ebc80000,0x00000000ebd00000)
 ParOldGen       total 5632K, used 40K [0x00000000c2a00000, 0x00000000c2f80000, 0x00000000eb900000)
  object space 5632K, 0% used [0x00000000c2a00000,0x00000000c2a0a010,0x00000000c2f80000)
 Metaspace       used 3891K, capacity 5228K, committed 5376K, reserved 1056768K
  class space    used 445K, capacity 488K, committed 512K, reserved 1048576K
Event: 0.920 GC heap after
Heap after GC invocations=2 (full 0):
 PSYoungGen      total 3584K, used 496K [0x00000000eb900000, 0x00000000ebd00000, 0x0000000100000000)
  eden space 3072K, 0% used [0x00000000eb900000,0x00000000eb900000,0x00000000ebc00000)
  from space 512K, 96% used [0x00000000ebc80000,0x00000000ebcfc010,0x00000000ebd00000)
  to   space 512K, 0% used [0x00000000ebc00000,0x00000000ebc00000,0x00000000ebc80000)
 ParOldGen       total 5632K, used 96K [0x00000000c2a00000, 0x00000000c2f80000, 0x00000000eb900000)
  object space 5632K, 1% used [0x00000000c2a00000,0x00000000c2a18030,0x00000000c2f80000)
 Metaspace       used 3891K, capacity 5228K, committed 5376K, reserved 1056768K
  class space    used 445K, capacity 488K, committed 512K, reserved 1048576K
}
Event: 1.073 GC heap before
{Heap before GC invocations=3 (full 0):
 PSYoungGen      total 3584K, used 3490K [0x00000000eb900000, 0x00000000ebd00000, 0x0000000100000000)
  eden space 3072K, 97% used [0x00000000eb900000,0x00000000ebbecb68,0x00000000ebc00000)
  from space 512K, 96% used [0x00000000ebc80000,0x00000000ebcfc010,0x00000000ebd00000)
  to   space 512K, 0% used [0x00000000ebc00000,0x00000000ebc00000,0x00000000ebc80000)
 ParOldGen       total 5632K, used 96K [0x00000000c2a00000, 0x00000000c2f80000, 0x00000000eb900000)
  object space 5632K, 1% used [0x00000000c2a00000,0x00000000c2a18030,0x00000000c2f80000)
 Metaspace       used 4767K, capacity 5964K, committed 6272K, reserved 1056768K
  class space    used 558K, capacity 584K, committed 640K, reserved 1048576K
Event: 1.077 GC heap after
Heap after GC invocations=3 (full 0):
 PSYoungGen      total 3584K, used 495K [0x00000000eb900000, 0x00000000ec000000, 0x0000000100000000)
  eden space 3072K, 0% used [0x00000000eb900000,0x00000000eb900000,0x00000000ebc00000)
  from space 512K, 96% used [0x00000000ebc00000,0x00000000ebc7bc20,0x00000000ebc80000)
  to   space 512K, 0% used [0x00000000ebf80000,0x00000000ebf80000,0x00000000ec000000)
 ParOldGen       total 5632K, used 628K [0x00000000c2a00000, 0x00000000c2f80000, 0x00000000eb900000)
  object space 5632K, 11% used [0x00000000c2a00000,0x00000000c2a9d060,0x00000000c2f80000)
 Metaspace       used 4767K, capacity 5964K, committed 6272K, reserved 1056768K
  class space    used 558K, capacity 584K, committed 640K, reserved 1048576K
}
Event: 1.251 GC heap before
{Heap before GC invocations=4 (full 0):
 PSYoungGen      total 3584K, used 3567K [0x00000000eb900000, 0x00000000ec000000, 0x0000000100000000)
  eden space 3072K, 100% used [0x00000000eb900000,0x00000000ebc00000,0x00000000ebc00000)
  from space 512K, 96% used [0x00000000ebc00000,0x00000000ebc7bc20,0x00000000ebc80000)
  to   space 512K, 0% used [0x00000000ebf80000,0x00000000ebf80000,0x00000000ec000000)
 ParOldGen       total 5632K, used 628K [0x00000000c2a00000, 0x00000000c2f80000, 0x00000000eb900000)
  object space 5632K, 11% used [0x00000000c2a00000,0x00000000c2a9d060,0x00000000c2f80000)
 Metaspace       used 5604K, capacity 6796K, committed 6912K, reserved 1056768K
  class space    used 681K, capacity 712K, committed 768K, reserved 1048576K
Event: 1.254 GC heap after
Heap after GC invocations=4 (full 0):
 PSYoungGen      total 6656K, used 480K [0x00000000eb900000, 0x00000000ec000000, 0x0000000100000000)
  eden space 6144K, 0% used [0x00000000eb900000,0x00000000eb900000,0x00000000ebf00000)
  from space 512K, 93% used [0x00000000ebf80000,0x00000000ebff8020,0x00000000ec000000)
  to   space 512K, 0% used [0x00000000ebf00000,0x00000000ebf00000,0x00000000ebf80000)
 ParOldGen       total 5632K, used 700K [0x00000000c2a00000, 0x00000000c2f80000, 0x00000000eb900000)
  object space 5632K, 12% used [0x00000000c2a00000,0x00000000c2aaf060,0x00000000c2f80000)
 Metaspace       used 5604K, capacity 6796K, committed 6912K, reserved 1056768K
  class space    used 681K, capacity 712K, committed 768K, reserved 1048576K
}

